2017-08-12T00:55:47+07:00 NOTICE (5): Page not found
2017-08-12T00:55:47+07:00 NOTICE (5): Invalid controller specified (favicon.ico)
2017-08-12T00:55:47+07:00 NOTICE (5): #0 /var/www/html/dev-test-challenge/library/Zend/Controller/Front.php(954): Zend_Controller_Dispatcher_Standard->dispatch(Object(Zend_Controller_Request_Http), Object(Zend_Controller_Response_Http))
#1 /var/www/html/dev-test-challenge/library/Zend/Application/Bootstrap/Bootstrap.php(97): Zend_Controller_Front->dispatch()
#2 /var/www/html/dev-test-challenge/init.php(34): Zend_Application_Bootstrap_Bootstrap->run()
#3 /var/www/html/dev-test-challenge/public/index.php(3): Application::run()
#4 {main}
2017-08-12T00:55:47+07:00 NOTICE (5): array (
  'controller' => 'favicon.ico',
  'action' => 'index',
  'module' => 'default',
)
2017-08-12T00:56:14+07:00 NOTICE (5): Page not found
2017-08-12T00:56:14+07:00 NOTICE (5): Invalid controller specified (uniquenumber)
2017-08-12T00:56:14+07:00 NOTICE (5): #0 /var/www/html/dev-test-challenge/library/Zend/Controller/Front.php(954): Zend_Controller_Dispatcher_Standard->dispatch(Object(Zend_Controller_Request_Http), Object(Zend_Controller_Response_Http))
#1 /var/www/html/dev-test-challenge/library/Zend/Application/Bootstrap/Bootstrap.php(97): Zend_Controller_Front->dispatch()
#2 /var/www/html/dev-test-challenge/init.php(34): Zend_Application_Bootstrap_Bootstrap->run()
#3 /var/www/html/dev-test-challenge/public/index.php(3): Application::run()
#4 {main}
2017-08-12T00:56:14+07:00 NOTICE (5): array (
  'controller' => 'uniquenumber',
  'action' => 'index',
  'module' => 'default',
)
2017-08-12T01:14:31+07:00 CRIT (2): Application error
2017-08-12T01:14:31+07:00 CRIT (2): Plugin by name 'FizzBuzzHelper' was not found in the registry; used paths:
Zend_View_Helper_: Zend/View/Helper/:/var/www/html/dev-test-challenge/application/modules/default/views/helpers/
2017-08-12T01:14:31+07:00 CRIT (2): #0 /var/www/html/dev-test-challenge/library/Zend/View/Abstract.php(1182): Zend_Loader_PluginLoader->load('FizzBuzzHelper')
#1 /var/www/html/dev-test-challenge/library/Zend/View/Abstract.php(618): Zend_View_Abstract->_getPlugin('helper', 'FizzBuzzHelper')
#2 /var/www/html/dev-test-challenge/library/Zend/View/Abstract.php(344): Zend_View_Abstract->getHelper('fizzBuzzHelper')
#3 /var/www/html/dev-test-challenge/application/modules/default/views/scripts/fizzbuzz/index.phtml(6): Zend_View_Abstract->__call('fizzBuzzHelper', Array)
#4 /var/www/html/dev-test-challenge/library/Zend/View.php(108): include('/var/www/html/d...')
#5 /var/www/html/dev-test-challenge/library/Zend/View/Abstract.php(888): Zend_View->_run('/var/www/html/d...')
#6 /var/www/html/dev-test-challenge/library/Zend/Controller/Action/Helper/ViewRenderer.php(900): Zend_View_Abstract->render()
#7 /var/www/html/dev-test-challenge/library/Zend/Controller/Action/Helper/ViewRenderer.php(921): Zend_Controller_Action_Helper_ViewRenderer->renderScript('fizzbuzz/index....', NULL)
#8 /var/www/html/dev-test-challenge/library/Zend/Controller/Action/Helper/ViewRenderer.php(960): Zend_Controller_Action_Helper_ViewRenderer->render()
#9 /var/www/html/dev-test-challenge/library/Zend/Controller/Action/HelperBroker.php(277): Zend_Controller_Action_Helper_ViewRenderer->postDispatch()
#10 /var/www/html/dev-test-challenge/library/Zend/Controller/Action.php(527): Zend_Controller_Action_HelperBroker->notifyPostDispatch()
#11 /var/www/html/dev-test-challenge/library/Zend/Controller/Dispatcher/Standard.php(308): Zend_Controller_Action->dispatch('indexAction')
#12 /var/www/html/dev-test-challenge/library/Zend/Controller/Front.php(954): Zend_Controller_Dispatcher_Standard->dispatch(Object(Zend_Controller_Request_Http), Object(Zend_Controller_Response_Http))
#13 /var/www/html/dev-test-challenge/library/Zend/Application/Bootstrap/Bootstrap.php(97): Zend_Controller_Front->dispatch()
#14 /var/www/html/dev-test-challenge/init.php(34): Zend_Application_Bootstrap_Bootstrap->run()
#15 /var/www/html/dev-test-challenge/public/index.php(3): Application::run()
#16 {main}
2017-08-12T01:14:31+07:00 CRIT (2): array (
  'controller' => 'fizzbuzz',
  'action' => 'index',
  'module' => 'default',
)
2017-08-12T01:50:06+07:00 CRIT (2): Application error
2017-08-12T01:50:06+07:00 CRIT (2): script 'palindrome/index.phtml' not found in path (/var/www/html/dev-test-challenge/application/modules/default/views/scripts/)
2017-08-12T01:50:06+07:00 CRIT (2): #0 /var/www/html/dev-test-challenge/library/Zend/View/Abstract.php(884): Zend_View_Abstract->_script('palindrome/inde...')
#1 /var/www/html/dev-test-challenge/library/Zend/Controller/Action/Helper/ViewRenderer.php(900): Zend_View_Abstract->render('palindrome/inde...')
#2 /var/www/html/dev-test-challenge/library/Zend/Controller/Action/Helper/ViewRenderer.php(921): Zend_Controller_Action_Helper_ViewRenderer->renderScript('palindrome/inde...', NULL)
#3 /var/www/html/dev-test-challenge/library/Zend/Controller/Action/Helper/ViewRenderer.php(960): Zend_Controller_Action_Helper_ViewRenderer->render()
#4 /var/www/html/dev-test-challenge/library/Zend/Controller/Action/HelperBroker.php(277): Zend_Controller_Action_Helper_ViewRenderer->postDispatch()
#5 /var/www/html/dev-test-challenge/library/Zend/Controller/Action.php(527): Zend_Controller_Action_HelperBroker->notifyPostDispatch()
#6 /var/www/html/dev-test-challenge/library/Zend/Controller/Dispatcher/Standard.php(308): Zend_Controller_Action->dispatch('indexAction')
#7 /var/www/html/dev-test-challenge/library/Zend/Controller/Front.php(954): Zend_Controller_Dispatcher_Standard->dispatch(Object(Zend_Controller_Request_Http), Object(Zend_Controller_Response_Http))
#8 /var/www/html/dev-test-challenge/library/Zend/Application/Bootstrap/Bootstrap.php(97): Zend_Controller_Front->dispatch()
#9 /var/www/html/dev-test-challenge/init.php(34): Zend_Application_Bootstrap_Bootstrap->run()
#10 /var/www/html/dev-test-challenge/public/index.php(3): Application::run()
#11 {main}
2017-08-12T01:50:06+07:00 CRIT (2): array (
  'controller' => 'palindrome',
  'action' => 'index',
  'module' => 'default',
)
2017-08-12T01:53:06+07:00 CRIT (2): Application error
2017-08-12T01:53:06+07:00 CRIT (2): Plugin by name 'PalindromeHelper' was not found in the registry; used paths:
Zend_View_Helper_: Zend/View/Helper/:/var/www/html/dev-test-challenge/application/modules/default/views/helpers/
2017-08-12T01:53:06+07:00 CRIT (2): #0 /var/www/html/dev-test-challenge/library/Zend/View/Abstract.php(1182): Zend_Loader_PluginLoader->load('PalindromeHelpe...')
#1 /var/www/html/dev-test-challenge/library/Zend/View/Abstract.php(618): Zend_View_Abstract->_getPlugin('helper', 'PalindromeHelpe...')
#2 /var/www/html/dev-test-challenge/library/Zend/View/Abstract.php(344): Zend_View_Abstract->getHelper('palindromeHelpe...')
#3 /var/www/html/dev-test-challenge/application/modules/default/views/scripts/palindrome/index.phtml(5): Zend_View_Abstract->__call('palindromeHelpe...', Array)
#4 /var/www/html/dev-test-challenge/library/Zend/View.php(108): include('/var/www/html/d...')
#5 /var/www/html/dev-test-challenge/library/Zend/View/Abstract.php(888): Zend_View->_run('/var/www/html/d...')
#6 /var/www/html/dev-test-challenge/library/Zend/Controller/Action/Helper/ViewRenderer.php(900): Zend_View_Abstract->render()
#7 /var/www/html/dev-test-challenge/library/Zend/Controller/Action/Helper/ViewRenderer.php(921): Zend_Controller_Action_Helper_ViewRenderer->renderScript('palindrome/inde...', NULL)
#8 /var/www/html/dev-test-challenge/library/Zend/Controller/Action/Helper/ViewRenderer.php(960): Zend_Controller_Action_Helper_ViewRenderer->render()
#9 /var/www/html/dev-test-challenge/library/Zend/Controller/Action/HelperBroker.php(277): Zend_Controller_Action_Helper_ViewRenderer->postDispatch()
#10 /var/www/html/dev-test-challenge/library/Zend/Controller/Action.php(527): Zend_Controller_Action_HelperBroker->notifyPostDispatch()
#11 /var/www/html/dev-test-challenge/library/Zend/Controller/Dispatcher/Standard.php(308): Zend_Controller_Action->dispatch('indexAction')
#12 /var/www/html/dev-test-challenge/library/Zend/Controller/Front.php(954): Zend_Controller_Dispatcher_Standard->dispatch(Object(Zend_Controller_Request_Http), Object(Zend_Controller_Response_Http))
#13 /var/www/html/dev-test-challenge/library/Zend/Application/Bootstrap/Bootstrap.php(97): Zend_Controller_Front->dispatch()
#14 /var/www/html/dev-test-challenge/init.php(34): Zend_Application_Bootstrap_Bootstrap->run()
#15 /var/www/html/dev-test-challenge/public/index.php(3): Application::run()
#16 {main}
2017-08-12T01:53:06+07:00 CRIT (2): array (
  'controller' => 'palindrome',
  'action' => 'index',
  'module' => 'default',
)
2017-08-12T02:06:57+07:00 NOTICE (5): Page not found
2017-08-12T02:06:57+07:00 NOTICE (5): Invalid controller specified (shortestword)
2017-08-12T02:06:57+07:00 NOTICE (5): #0 /var/www/html/dev-test-challenge/library/Zend/Controller/Front.php(954): Zend_Controller_Dispatcher_Standard->dispatch(Object(Zend_Controller_Request_Http), Object(Zend_Controller_Response_Http))
#1 /var/www/html/dev-test-challenge/library/Zend/Application/Bootstrap/Bootstrap.php(97): Zend_Controller_Front->dispatch()
#2 /var/www/html/dev-test-challenge/init.php(34): Zend_Application_Bootstrap_Bootstrap->run()
#3 /var/www/html/dev-test-challenge/public/index.php(3): Application::run()
#4 {main}
2017-08-12T02:06:57+07:00 NOTICE (5): array (
  'controller' => 'shortestword',
  'action' => 'index',
  'module' => 'default',
)
2017-08-12T02:08:20+07:00 NOTICE (5): Page not found
2017-08-12T02:08:20+07:00 NOTICE (5): Invalid controller specified (shortestword)
2017-08-12T02:08:20+07:00 NOTICE (5): #0 /var/www/html/dev-test-challenge/library/Zend/Controller/Front.php(954): Zend_Controller_Dispatcher_Standard->dispatch(Object(Zend_Controller_Request_Http), Object(Zend_Controller_Response_Http))
#1 /var/www/html/dev-test-challenge/library/Zend/Application/Bootstrap/Bootstrap.php(97): Zend_Controller_Front->dispatch()
#2 /var/www/html/dev-test-challenge/init.php(34): Zend_Application_Bootstrap_Bootstrap->run()
#3 /var/www/html/dev-test-challenge/public/index.php(3): Application::run()
#4 {main}
2017-08-12T02:08:20+07:00 NOTICE (5): array (
  'controller' => 'shortestword',
  'action' => 'index',
  'module' => 'default',
)
2017-08-12T02:09:22+07:00 NOTICE (5): Page not found
2017-08-12T02:09:22+07:00 NOTICE (5): Invalid controller specified (shortestword)
2017-08-12T02:09:22+07:00 NOTICE (5): #0 /var/www/html/dev-test-challenge/library/Zend/Controller/Front.php(954): Zend_Controller_Dispatcher_Standard->dispatch(Object(Zend_Controller_Request_Http), Object(Zend_Controller_Response_Http))
#1 /var/www/html/dev-test-challenge/library/Zend/Application/Bootstrap/Bootstrap.php(97): Zend_Controller_Front->dispatch()
#2 /var/www/html/dev-test-challenge/init.php(34): Zend_Application_Bootstrap_Bootstrap->run()
#3 /var/www/html/dev-test-challenge/public/index.php(3): Application::run()
#4 {main}
2017-08-12T02:09:22+07:00 NOTICE (5): array (
  'controller' => 'shortestword',
  'action' => 'index',
  'module' => 'default',
)
2017-08-12T02:09:28+07:00 NOTICE (5): Page not found
2017-08-12T02:09:28+07:00 NOTICE (5): Invalid controller specified (shortestword)
2017-08-12T02:09:28+07:00 NOTICE (5): #0 /var/www/html/dev-test-challenge/library/Zend/Controller/Front.php(954): Zend_Controller_Dispatcher_Standard->dispatch(Object(Zend_Controller_Request_Http), Object(Zend_Controller_Response_Http))
#1 /var/www/html/dev-test-challenge/library/Zend/Application/Bootstrap/Bootstrap.php(97): Zend_Controller_Front->dispatch()
#2 /var/www/html/dev-test-challenge/init.php(34): Zend_Application_Bootstrap_Bootstrap->run()
#3 /var/www/html/dev-test-challenge/public/index.php(3): Application::run()
#4 {main}
2017-08-12T02:09:28+07:00 NOTICE (5): array (
  'controller' => 'shortestword',
  'action' => 'index',
  'module' => 'default',
)
2017-08-12T02:10:01+07:00 CRIT (2): Application error
2017-08-12T02:10:01+07:00 CRIT (2): Plugin by name 'WordcountHelper' was not found in the registry; used paths:
Zend_View_Helper_: Zend/View/Helper/:/var/www/html/dev-test-challenge/application/modules/default/views/helpers/
2017-08-12T02:10:01+07:00 CRIT (2): #0 /var/www/html/dev-test-challenge/library/Zend/View/Abstract.php(1182): Zend_Loader_PluginLoader->load('WordcountHelper')
#1 /var/www/html/dev-test-challenge/library/Zend/View/Abstract.php(618): Zend_View_Abstract->_getPlugin('helper', 'WordcountHelper')
#2 /var/www/html/dev-test-challenge/library/Zend/View/Abstract.php(344): Zend_View_Abstract->getHelper('wordcountHelper')
#3 /var/www/html/dev-test-challenge/application/modules/default/views/scripts/shortestword/index.phtml(5): Zend_View_Abstract->__call('wordcountHelper', Array)
#4 /var/www/html/dev-test-challenge/library/Zend/View.php(108): include('/var/www/html/d...')
#5 /var/www/html/dev-test-challenge/library/Zend/View/Abstract.php(888): Zend_View->_run('/var/www/html/d...')
#6 /var/www/html/dev-test-challenge/library/Zend/Controller/Action/Helper/ViewRenderer.php(900): Zend_View_Abstract->render()
#7 /var/www/html/dev-test-challenge/library/Zend/Controller/Action/Helper/ViewRenderer.php(921): Zend_Controller_Action_Helper_ViewRenderer->renderScript('shortestword/in...', NULL)
#8 /var/www/html/dev-test-challenge/library/Zend/Controller/Action/Helper/ViewRenderer.php(960): Zend_Controller_Action_Helper_ViewRenderer->render()
#9 /var/www/html/dev-test-challenge/library/Zend/Controller/Action/HelperBroker.php(277): Zend_Controller_Action_Helper_ViewRenderer->postDispatch()
#10 /var/www/html/dev-test-challenge/library/Zend/Controller/Action.php(527): Zend_Controller_Action_HelperBroker->notifyPostDispatch()
#11 /var/www/html/dev-test-challenge/library/Zend/Controller/Dispatcher/Standard.php(308): Zend_Controller_Action->dispatch('indexAction')
#12 /var/www/html/dev-test-challenge/library/Zend/Controller/Front.php(954): Zend_Controller_Dispatcher_Standard->dispatch(Object(Zend_Controller_Request_Http), Object(Zend_Controller_Response_Http))
#13 /var/www/html/dev-test-challenge/library/Zend/Application/Bootstrap/Bootstrap.php(97): Zend_Controller_Front->dispatch()
#14 /var/www/html/dev-test-challenge/init.php(34): Zend_Application_Bootstrap_Bootstrap->run()
#15 /var/www/html/dev-test-challenge/public/index.php(3): Application::run()
#16 {main}
2017-08-12T02:10:01+07:00 CRIT (2): array (
  'controller' => 'shortestword',
  'action' => 'index',
  'module' => 'default',
)
2017-08-12T02:10:45+07:00 CRIT (2): Application error
2017-08-12T02:10:45+07:00 CRIT (2): Plugin by name 'WordcountHelper' was not found in the registry; used paths:
Zend_View_Helper_: Zend/View/Helper/:/var/www/html/dev-test-challenge/application/modules/default/views/helpers/
2017-08-12T02:10:45+07:00 CRIT (2): #0 /var/www/html/dev-test-challenge/library/Zend/View/Abstract.php(1182): Zend_Loader_PluginLoader->load('WordcountHelper')
#1 /var/www/html/dev-test-challenge/library/Zend/View/Abstract.php(618): Zend_View_Abstract->_getPlugin('helper', 'WordcountHelper')
#2 /var/www/html/dev-test-challenge/library/Zend/View/Abstract.php(344): Zend_View_Abstract->getHelper('wordcountHelper')
#3 /var/www/html/dev-test-challenge/application/modules/default/views/scripts/shortestword/index.phtml(5): Zend_View_Abstract->__call('wordcountHelper', Array)
#4 /var/www/html/dev-test-challenge/library/Zend/View.php(108): include('/var/www/html/d...')
#5 /var/www/html/dev-test-challenge/library/Zend/View/Abstract.php(888): Zend_View->_run('/var/www/html/d...')
#6 /var/www/html/dev-test-challenge/library/Zend/Controller/Action/Helper/ViewRenderer.php(900): Zend_View_Abstract->render()
#7 /var/www/html/dev-test-challenge/library/Zend/Controller/Action/Helper/ViewRenderer.php(921): Zend_Controller_Action_Helper_ViewRenderer->renderScript('shortestword/in...', NULL)
#8 /var/www/html/dev-test-challenge/library/Zend/Controller/Action/Helper/ViewRenderer.php(960): Zend_Controller_Action_Helper_ViewRenderer->render()
#9 /var/www/html/dev-test-challenge/library/Zend/Controller/Action/HelperBroker.php(277): Zend_Controller_Action_Helper_ViewRenderer->postDispatch()
#10 /var/www/html/dev-test-challenge/library/Zend/Controller/Action.php(527): Zend_Controller_Action_HelperBroker->notifyPostDispatch()
#11 /var/www/html/dev-test-challenge/library/Zend/Controller/Dispatcher/Standard.php(308): Zend_Controller_Action->dispatch('indexAction')
#12 /var/www/html/dev-test-challenge/library/Zend/Controller/Front.php(954): Zend_Controller_Dispatcher_Standard->dispatch(Object(Zend_Controller_Request_Http), Object(Zend_Controller_Response_Http))
#13 /var/www/html/dev-test-challenge/library/Zend/Application/Bootstrap/Bootstrap.php(97): Zend_Controller_Front->dispatch()
#14 /var/www/html/dev-test-challenge/init.php(34): Zend_Application_Bootstrap_Bootstrap->run()
#15 /var/www/html/dev-test-challenge/public/index.php(3): Application::run()
#16 {main}
2017-08-12T02:10:45+07:00 CRIT (2): array (
  'controller' => 'shortestword',
  'action' => 'index',
  'module' => 'default',
)
2017-08-12T02:12:05+07:00 CRIT (2): Application error
2017-08-12T02:12:05+07:00 CRIT (2): Plugin by name 'WordcountHelper' was not found in the registry; used paths:
Zend_View_Helper_: Zend/View/Helper/:/var/www/html/dev-test-challenge/application/modules/default/views/helpers/
2017-08-12T02:12:05+07:00 CRIT (2): #0 /var/www/html/dev-test-challenge/library/Zend/View/Abstract.php(1182): Zend_Loader_PluginLoader->load('WordcountHelper')
#1 /var/www/html/dev-test-challenge/library/Zend/View/Abstract.php(618): Zend_View_Abstract->_getPlugin('helper', 'WordcountHelper')
#2 /var/www/html/dev-test-challenge/library/Zend/View/Abstract.php(344): Zend_View_Abstract->getHelper('wordcountHelper')
#3 /var/www/html/dev-test-challenge/application/modules/default/views/scripts/shortestword/index.phtml(5): Zend_View_Abstract->__call('wordcountHelper', Array)
#4 /var/www/html/dev-test-challenge/library/Zend/View.php(108): include('/var/www/html/d...')
#5 /var/www/html/dev-test-challenge/library/Zend/View/Abstract.php(888): Zend_View->_run('/var/www/html/d...')
#6 /var/www/html/dev-test-challenge/library/Zend/Controller/Action/Helper/ViewRenderer.php(900): Zend_View_Abstract->render()
#7 /var/www/html/dev-test-challenge/library/Zend/Controller/Action/Helper/ViewRenderer.php(921): Zend_Controller_Action_Helper_ViewRenderer->renderScript('shortestword/in...', NULL)
#8 /var/www/html/dev-test-challenge/library/Zend/Controller/Action/Helper/ViewRenderer.php(960): Zend_Controller_Action_Helper_ViewRenderer->render()
#9 /var/www/html/dev-test-challenge/library/Zend/Controller/Action/HelperBroker.php(277): Zend_Controller_Action_Helper_ViewRenderer->postDispatch()
#10 /var/www/html/dev-test-challenge/library/Zend/Controller/Action.php(527): Zend_Controller_Action_HelperBroker->notifyPostDispatch()
#11 /var/www/html/dev-test-challenge/library/Zend/Controller/Dispatcher/Standard.php(308): Zend_Controller_Action->dispatch('indexAction')
#12 /var/www/html/dev-test-challenge/library/Zend/Controller/Front.php(954): Zend_Controller_Dispatcher_Standard->dispatch(Object(Zend_Controller_Request_Http), Object(Zend_Controller_Response_Http))
#13 /var/www/html/dev-test-challenge/library/Zend/Application/Bootstrap/Bootstrap.php(97): Zend_Controller_Front->dispatch()
#14 /var/www/html/dev-test-challenge/init.php(34): Zend_Application_Bootstrap_Bootstrap->run()
#15 /var/www/html/dev-test-challenge/public/index.php(3): Application::run()
#16 {main}
2017-08-12T02:12:05+07:00 CRIT (2): array (
  'controller' => 'shortestword',
  'action' => 'index',
  'module' => 'default',
)
2017-08-12T02:12:16+07:00 CRIT (2): Application error
2017-08-12T02:12:16+07:00 CRIT (2): Plugin by name 'ShortestwordtHelper' was not found in the registry; used paths:
Zend_View_Helper_: Zend/View/Helper/:/var/www/html/dev-test-challenge/application/modules/default/views/helpers/
2017-08-12T02:12:16+07:00 CRIT (2): #0 /var/www/html/dev-test-challenge/library/Zend/View/Abstract.php(1182): Zend_Loader_PluginLoader->load('ShortestwordtHe...')
#1 /var/www/html/dev-test-challenge/library/Zend/View/Abstract.php(618): Zend_View_Abstract->_getPlugin('helper', 'ShortestwordtHe...')
#2 /var/www/html/dev-test-challenge/library/Zend/View/Abstract.php(344): Zend_View_Abstract->getHelper('shortestwordtHe...')
#3 /var/www/html/dev-test-challenge/application/modules/default/views/scripts/shortestword/index.phtml(5): Zend_View_Abstract->__call('shortestwordtHe...', Array)
#4 /var/www/html/dev-test-challenge/library/Zend/View.php(108): include('/var/www/html/d...')
#5 /var/www/html/dev-test-challenge/library/Zend/View/Abstract.php(888): Zend_View->_run('/var/www/html/d...')
#6 /var/www/html/dev-test-challenge/library/Zend/Controller/Action/Helper/ViewRenderer.php(900): Zend_View_Abstract->render()
#7 /var/www/html/dev-test-challenge/library/Zend/Controller/Action/Helper/ViewRenderer.php(921): Zend_Controller_Action_Helper_ViewRenderer->renderScript('shortestword/in...', NULL)
#8 /var/www/html/dev-test-challenge/library/Zend/Controller/Action/Helper/ViewRenderer.php(960): Zend_Controller_Action_Helper_ViewRenderer->render()
#9 /var/www/html/dev-test-challenge/library/Zend/Controller/Action/HelperBroker.php(277): Zend_Controller_Action_Helper_ViewRenderer->postDispatch()
#10 /var/www/html/dev-test-challenge/library/Zend/Controller/Action.php(527): Zend_Controller_Action_HelperBroker->notifyPostDispatch()
#11 /var/www/html/dev-test-challenge/library/Zend/Controller/Dispatcher/Standard.php(308): Zend_Controller_Action->dispatch('indexAction')
#12 /var/www/html/dev-test-challenge/library/Zend/Controller/Front.php(954): Zend_Controller_Dispatcher_Standard->dispatch(Object(Zend_Controller_Request_Http), Object(Zend_Controller_Response_Http))
#13 /var/www/html/dev-test-challenge/library/Zend/Application/Bootstrap/Bootstrap.php(97): Zend_Controller_Front->dispatch()
#14 /var/www/html/dev-test-challenge/init.php(34): Zend_Application_Bootstrap_Bootstrap->run()
#15 /var/www/html/dev-test-challenge/public/index.php(3): Application::run()
#16 {main}
2017-08-12T02:12:16+07:00 CRIT (2): array (
  'controller' => 'shortestword',
  'action' => 'index',
  'module' => 'default',
)
2017-08-12T02:12:53+07:00 CRIT (2): Application error
2017-08-12T02:12:53+07:00 CRIT (2): Plugin by name 'ShortestwordHelper' was not found in the registry; used paths:
Zend_View_Helper_: Zend/View/Helper/:/var/www/html/dev-test-challenge/application/modules/default/views/helpers/
2017-08-12T02:12:53+07:00 CRIT (2): #0 /var/www/html/dev-test-challenge/library/Zend/View/Abstract.php(1182): Zend_Loader_PluginLoader->load('ShortestwordHel...')
#1 /var/www/html/dev-test-challenge/library/Zend/View/Abstract.php(618): Zend_View_Abstract->_getPlugin('helper', 'ShortestwordHel...')
#2 /var/www/html/dev-test-challenge/library/Zend/View/Abstract.php(344): Zend_View_Abstract->getHelper('shortestwordHel...')
#3 /var/www/html/dev-test-challenge/application/modules/default/views/scripts/shortestword/index.phtml(5): Zend_View_Abstract->__call('shortestwordHel...', Array)
#4 /var/www/html/dev-test-challenge/library/Zend/View.php(108): include('/var/www/html/d...')
#5 /var/www/html/dev-test-challenge/library/Zend/View/Abstract.php(888): Zend_View->_run('/var/www/html/d...')
#6 /var/www/html/dev-test-challenge/library/Zend/Controller/Action/Helper/ViewRenderer.php(900): Zend_View_Abstract->render()
#7 /var/www/html/dev-test-challenge/library/Zend/Controller/Action/Helper/ViewRenderer.php(921): Zend_Controller_Action_Helper_ViewRenderer->renderScript('shortestword/in...', NULL)
#8 /var/www/html/dev-test-challenge/library/Zend/Controller/Action/Helper/ViewRenderer.php(960): Zend_Controller_Action_Helper_ViewRenderer->render()
#9 /var/www/html/dev-test-challenge/library/Zend/Controller/Action/HelperBroker.php(277): Zend_Controller_Action_Helper_ViewRenderer->postDispatch()
#10 /var/www/html/dev-test-challenge/library/Zend/Controller/Action.php(527): Zend_Controller_Action_HelperBroker->notifyPostDispatch()
#11 /var/www/html/dev-test-challenge/library/Zend/Controller/Dispatcher/Standard.php(308): Zend_Controller_Action->dispatch('indexAction')
#12 /var/www/html/dev-test-challenge/library/Zend/Controller/Front.php(954): Zend_Controller_Dispatcher_Standard->dispatch(Object(Zend_Controller_Request_Http), Object(Zend_Controller_Response_Http))
#13 /var/www/html/dev-test-challenge/library/Zend/Application/Bootstrap/Bootstrap.php(97): Zend_Controller_Front->dispatch()
#14 /var/www/html/dev-test-challenge/init.php(34): Zend_Application_Bootstrap_Bootstrap->run()
#15 /var/www/html/dev-test-challenge/public/index.php(3): Application::run()
#16 {main}
2017-08-12T02:12:53+07:00 CRIT (2): array (
  'controller' => 'shortestword',
  'action' => 'index',
  'module' => 'default',
)
2017-08-12T02:59:27+07:00 CRIT (2): Application error
2017-08-12T02:59:27+07:00 CRIT (2): Plugin by name 'InterfaceHelper' was not found in the registry; used paths:
Zend_View_Helper_: Zend/View/Helper/:/var/www/html/dev-test-challenge/application/modules/default/views/helpers/
2017-08-12T02:59:27+07:00 CRIT (2): #0 /var/www/html/dev-test-challenge/library/Zend/View/Abstract.php(1182): Zend_Loader_PluginLoader->load('InterfaceHelper')
#1 /var/www/html/dev-test-challenge/library/Zend/View/Abstract.php(618): Zend_View_Abstract->_getPlugin('helper', 'InterfaceHelper')
#2 /var/www/html/dev-test-challenge/library/Zend/View/Abstract.php(344): Zend_View_Abstract->getHelper('interfaceHelper')
#3 /var/www/html/dev-test-challenge/application/modules/default/views/scripts/shortestword/index.phtml(5): Zend_View_Abstract->__call('interfaceHelper', Array)
#4 /var/www/html/dev-test-challenge/library/Zend/View.php(108): include('/var/www/html/d...')
#5 /var/www/html/dev-test-challenge/library/Zend/View/Abstract.php(888): Zend_View->_run('/var/www/html/d...')
#6 /var/www/html/dev-test-challenge/library/Zend/Controller/Action/Helper/ViewRenderer.php(900): Zend_View_Abstract->render()
#7 /var/www/html/dev-test-challenge/library/Zend/Controller/Action/Helper/ViewRenderer.php(921): Zend_Controller_Action_Helper_ViewRenderer->renderScript('shortestword/in...', NULL)
#8 /var/www/html/dev-test-challenge/library/Zend/Controller/Action/Helper/ViewRenderer.php(960): Zend_Controller_Action_Helper_ViewRenderer->render()
#9 /var/www/html/dev-test-challenge/library/Zend/Controller/Action/HelperBroker.php(277): Zend_Controller_Action_Helper_ViewRenderer->postDispatch()
#10 /var/www/html/dev-test-challenge/library/Zend/Controller/Action.php(527): Zend_Controller_Action_HelperBroker->notifyPostDispatch()
#11 /var/www/html/dev-test-challenge/library/Zend/Controller/Dispatcher/Standard.php(308): Zend_Controller_Action->dispatch('indexAction')
#12 /var/www/html/dev-test-challenge/library/Zend/Controller/Front.php(954): Zend_Controller_Dispatcher_Standard->dispatch(Object(Zend_Controller_Request_Http), Object(Zend_Controller_Response_Http))
#13 /var/www/html/dev-test-challenge/library/Zend/Application/Bootstrap/Bootstrap.php(97): Zend_Controller_Front->dispatch()
#14 /var/www/html/dev-test-challenge/init.php(34): Zend_Application_Bootstrap_Bootstrap->run()
#15 /var/www/html/dev-test-challenge/public/index.php(3): Application::run()
#16 {main}
2017-08-12T02:59:27+07:00 CRIT (2): array (
  'controller' => 'shortestword',
  'action' => 'index',
  'module' => 'default',
)
2017-08-12T02:59:34+07:00 CRIT (2): Application error
2017-08-12T02:59:34+07:00 CRIT (2): script 'interface/index.phtml' not found in path (/var/www/html/dev-test-challenge/application/modules/default/views/scripts/)
2017-08-12T02:59:34+07:00 CRIT (2): #0 /var/www/html/dev-test-challenge/library/Zend/View/Abstract.php(884): Zend_View_Abstract->_script('interface/index...')
#1 /var/www/html/dev-test-challenge/library/Zend/Controller/Action/Helper/ViewRenderer.php(900): Zend_View_Abstract->render('interface/index...')
#2 /var/www/html/dev-test-challenge/library/Zend/Controller/Action/Helper/ViewRenderer.php(921): Zend_Controller_Action_Helper_ViewRenderer->renderScript('interface/index...', NULL)
#3 /var/www/html/dev-test-challenge/library/Zend/Controller/Action/Helper/ViewRenderer.php(960): Zend_Controller_Action_Helper_ViewRenderer->render()
#4 /var/www/html/dev-test-challenge/library/Zend/Controller/Action/HelperBroker.php(277): Zend_Controller_Action_Helper_ViewRenderer->postDispatch()
#5 /var/www/html/dev-test-challenge/library/Zend/Controller/Action.php(527): Zend_Controller_Action_HelperBroker->notifyPostDispatch()
#6 /var/www/html/dev-test-challenge/library/Zend/Controller/Dispatcher/Standard.php(308): Zend_Controller_Action->dispatch('indexAction')
#7 /var/www/html/dev-test-challenge/library/Zend/Controller/Front.php(954): Zend_Controller_Dispatcher_Standard->dispatch(Object(Zend_Controller_Request_Http), Object(Zend_Controller_Response_Http))
#8 /var/www/html/dev-test-challenge/library/Zend/Application/Bootstrap/Bootstrap.php(97): Zend_Controller_Front->dispatch()
#9 /var/www/html/dev-test-challenge/init.php(34): Zend_Application_Bootstrap_Bootstrap->run()
#10 /var/www/html/dev-test-challenge/public/index.php(3): Application::run()
#11 {main}
2017-08-12T02:59:34+07:00 CRIT (2): array (
  'controller' => 'interface',
  'action' => 'index',
  'module' => 'default',
)
2017-08-12T02:59:37+07:00 CRIT (2): Application error
2017-08-12T02:59:37+07:00 CRIT (2): Plugin by name 'InterfaceHelper' was not found in the registry; used paths:
Zend_View_Helper_: Zend/View/Helper/:/var/www/html/dev-test-challenge/application/modules/default/views/helpers/
2017-08-12T02:59:37+07:00 CRIT (2): #0 /var/www/html/dev-test-challenge/library/Zend/View/Abstract.php(1182): Zend_Loader_PluginLoader->load('InterfaceHelper')
#1 /var/www/html/dev-test-challenge/library/Zend/View/Abstract.php(618): Zend_View_Abstract->_getPlugin('helper', 'InterfaceHelper')
#2 /var/www/html/dev-test-challenge/library/Zend/View/Abstract.php(344): Zend_View_Abstract->getHelper('interfaceHelper')
#3 /var/www/html/dev-test-challenge/application/modules/default/views/scripts/shortestword/index.phtml(5): Zend_View_Abstract->__call('interfaceHelper', Array)
#4 /var/www/html/dev-test-challenge/library/Zend/View.php(108): include('/var/www/html/d...')
#5 /var/www/html/dev-test-challenge/library/Zend/View/Abstract.php(888): Zend_View->_run('/var/www/html/d...')
#6 /var/www/html/dev-test-challenge/library/Zend/Controller/Action/Helper/ViewRenderer.php(900): Zend_View_Abstract->render()
#7 /var/www/html/dev-test-challenge/library/Zend/Controller/Action/Helper/ViewRenderer.php(921): Zend_Controller_Action_Helper_ViewRenderer->renderScript('shortestword/in...', NULL)
#8 /var/www/html/dev-test-challenge/library/Zend/Controller/Action/Helper/ViewRenderer.php(960): Zend_Controller_Action_Helper_ViewRenderer->render()
#9 /var/www/html/dev-test-challenge/library/Zend/Controller/Action/HelperBroker.php(277): Zend_Controller_Action_Helper_ViewRenderer->postDispatch()
#10 /var/www/html/dev-test-challenge/library/Zend/Controller/Action.php(527): Zend_Controller_Action_HelperBroker->notifyPostDispatch()
#11 /var/www/html/dev-test-challenge/library/Zend/Controller/Dispatcher/Standard.php(308): Zend_Controller_Action->dispatch('indexAction')
#12 /var/www/html/dev-test-challenge/library/Zend/Controller/Front.php(954): Zend_Controller_Dispatcher_Standard->dispatch(Object(Zend_Controller_Request_Http), Object(Zend_Controller_Response_Http))
#13 /var/www/html/dev-test-challenge/library/Zend/Application/Bootstrap/Bootstrap.php(97): Zend_Controller_Front->dispatch()
#14 /var/www/html/dev-test-challenge/init.php(34): Zend_Application_Bootstrap_Bootstrap->run()
#15 /var/www/html/dev-test-challenge/public/index.php(3): Application::run()
#16 {main}
2017-08-12T02:59:37+07:00 CRIT (2): array (
  'controller' => 'shortestword',
  'action' => 'index',
  'module' => 'default',
)
2017-08-12T03:25:44+07:00 CRIT (2): Application error
2017-08-12T03:25:44+07:00 CRIT (2): Method "getWordCount" does not exist and was not trapped in __call()
2017-08-12T03:25:44+07:00 CRIT (2): #0 /var/www/html/dev-test-challenge/application/modules/default/controllers/UniquenumberController.php(10): Zend_Controller_Action->__call('getWordCount', Array)
#1 /var/www/html/dev-test-challenge/library/Zend/Controller/Action.php(516): UniquenumberController->indexAction()
#2 /var/www/html/dev-test-challenge/library/Zend/Controller/Dispatcher/Standard.php(308): Zend_Controller_Action->dispatch('indexAction')
#3 /var/www/html/dev-test-challenge/library/Zend/Controller/Front.php(954): Zend_Controller_Dispatcher_Standard->dispatch(Object(Zend_Controller_Request_Http), Object(Zend_Controller_Response_Http))
#4 /var/www/html/dev-test-challenge/library/Zend/Application/Bootstrap/Bootstrap.php(97): Zend_Controller_Front->dispatch()
#5 /var/www/html/dev-test-challenge/init.php(34): Zend_Application_Bootstrap_Bootstrap->run()
#6 /var/www/html/dev-test-challenge/public/index.php(3): Application::run()
#7 {main}
2017-08-12T03:25:44+07:00 CRIT (2): array (
  'controller' => 'uniquenumber',
  'action' => 'index',
  'module' => 'default',
)
2017-08-12T03:27:23+07:00 CRIT (2): Application error
2017-08-12T03:27:23+07:00 CRIT (2): script 'interface/index.phtml' not found in path (/var/www/html/dev-test-challenge/application/modules/default/views/scripts/)
2017-08-12T03:27:23+07:00 CRIT (2): #0 /var/www/html/dev-test-challenge/library/Zend/View/Abstract.php(884): Zend_View_Abstract->_script('interface/index...')
#1 /var/www/html/dev-test-challenge/library/Zend/Controller/Action/Helper/ViewRenderer.php(900): Zend_View_Abstract->render('interface/index...')
#2 /var/www/html/dev-test-challenge/library/Zend/Controller/Action/Helper/ViewRenderer.php(921): Zend_Controller_Action_Helper_ViewRenderer->renderScript('interface/index...', NULL)
#3 /var/www/html/dev-test-challenge/library/Zend/Controller/Action/Helper/ViewRenderer.php(960): Zend_Controller_Action_Helper_ViewRenderer->render()
#4 /var/www/html/dev-test-challenge/library/Zend/Controller/Action/HelperBroker.php(277): Zend_Controller_Action_Helper_ViewRenderer->postDispatch()
#5 /var/www/html/dev-test-challenge/library/Zend/Controller/Action.php(527): Zend_Controller_Action_HelperBroker->notifyPostDispatch()
#6 /var/www/html/dev-test-challenge/library/Zend/Controller/Dispatcher/Standard.php(308): Zend_Controller_Action->dispatch('indexAction')
#7 /var/www/html/dev-test-challenge/library/Zend/Controller/Front.php(954): Zend_Controller_Dispatcher_Standard->dispatch(Object(Zend_Controller_Request_Http), Object(Zend_Controller_Response_Http))
#8 /var/www/html/dev-test-challenge/library/Zend/Application/Bootstrap/Bootstrap.php(97): Zend_Controller_Front->dispatch()
#9 /var/www/html/dev-test-challenge/init.php(34): Zend_Application_Bootstrap_Bootstrap->run()
#10 /var/www/html/dev-test-challenge/public/index.php(3): Application::run()
#11 {main}
2017-08-12T03:27:23+07:00 CRIT (2): array (
  'controller' => 'interface',
  'action' => 'index',
  'module' => 'default',
)
2017-08-12T03:44:16+07:00 CRIT (2): Application error
2017-08-12T03:44:16+07:00 CRIT (2): Plugin by name 'InterfaceHelper' was not found in the registry; used paths:
Zend_View_Helper_: Zend/View/Helper/:/var/www/html/dev-test-challenge/application/modules/default/views/helpers/
2017-08-12T03:44:16+07:00 CRIT (2): #0 /var/www/html/dev-test-challenge/library/Zend/View/Abstract.php(1182): Zend_Loader_PluginLoader->load('InterfaceHelper')
#1 /var/www/html/dev-test-challenge/library/Zend/View/Abstract.php(618): Zend_View_Abstract->_getPlugin('helper', 'InterfaceHelper')
#2 /var/www/html/dev-test-challenge/library/Zend/View/Abstract.php(344): Zend_View_Abstract->getHelper('interfaceHelper')
#3 /var/www/html/dev-test-challenge/application/modules/default/views/scripts/interface/index.phtml(4): Zend_View_Abstract->__call('interfaceHelper', Array)
#4 /var/www/html/dev-test-challenge/library/Zend/View.php(108): include('/var/www/html/d...')
#5 /var/www/html/dev-test-challenge/library/Zend/View/Abstract.php(888): Zend_View->_run('/var/www/html/d...')
#6 /var/www/html/dev-test-challenge/library/Zend/Controller/Action/Helper/ViewRenderer.php(900): Zend_View_Abstract->render()
#7 /var/www/html/dev-test-challenge/library/Zend/Controller/Action/Helper/ViewRenderer.php(921): Zend_Controller_Action_Helper_ViewRenderer->renderScript('interface/index...', NULL)
#8 /var/www/html/dev-test-challenge/library/Zend/Controller/Action/Helper/ViewRenderer.php(960): Zend_Controller_Action_Helper_ViewRenderer->render()
#9 /var/www/html/dev-test-challenge/library/Zend/Controller/Action/HelperBroker.php(277): Zend_Controller_Action_Helper_ViewRenderer->postDispatch()
#10 /var/www/html/dev-test-challenge/library/Zend/Controller/Action.php(527): Zend_Controller_Action_HelperBroker->notifyPostDispatch()
#11 /var/www/html/dev-test-challenge/library/Zend/Controller/Dispatcher/Standard.php(308): Zend_Controller_Action->dispatch('indexAction')
#12 /var/www/html/dev-test-challenge/library/Zend/Controller/Front.php(954): Zend_Controller_Dispatcher_Standard->dispatch(Object(Zend_Controller_Request_Http), Object(Zend_Controller_Response_Http))
#13 /var/www/html/dev-test-challenge/library/Zend/Application/Bootstrap/Bootstrap.php(97): Zend_Controller_Front->dispatch()
#14 /var/www/html/dev-test-challenge/init.php(34): Zend_Application_Bootstrap_Bootstrap->run()
#15 /var/www/html/dev-test-challenge/public/index.php(3): Application::run()
#16 {main}
2017-08-12T03:44:16+07:00 CRIT (2): array (
  'controller' => 'interface',
  'action' => 'index',
  'module' => 'default',
)
2017-08-12T03:44:44+07:00 CRIT (2): Application error
2017-08-12T03:44:44+07:00 CRIT (2): Plugin by name 'InterfaceHelper' was not found in the registry; used paths:
Zend_View_Helper_: Zend/View/Helper/:/var/www/html/dev-test-challenge/application/modules/default/views/helpers/
2017-08-12T03:44:44+07:00 CRIT (2): #0 /var/www/html/dev-test-challenge/library/Zend/View/Abstract.php(1182): Zend_Loader_PluginLoader->load('InterfaceHelper')
#1 /var/www/html/dev-test-challenge/library/Zend/View/Abstract.php(618): Zend_View_Abstract->_getPlugin('helper', 'InterfaceHelper')
#2 /var/www/html/dev-test-challenge/library/Zend/View/Abstract.php(344): Zend_View_Abstract->getHelper('interfaceHelper')
#3 /var/www/html/dev-test-challenge/application/modules/default/views/scripts/interface/index.phtml(4): Zend_View_Abstract->__call('interfaceHelper', Array)
#4 /var/www/html/dev-test-challenge/library/Zend/View.php(108): include('/var/www/html/d...')
#5 /var/www/html/dev-test-challenge/library/Zend/View/Abstract.php(888): Zend_View->_run('/var/www/html/d...')
#6 /var/www/html/dev-test-challenge/library/Zend/Controller/Action/Helper/ViewRenderer.php(900): Zend_View_Abstract->render()
#7 /var/www/html/dev-test-challenge/library/Zend/Controller/Action/Helper/ViewRenderer.php(921): Zend_Controller_Action_Helper_ViewRenderer->renderScript('interface/index...', NULL)
#8 /var/www/html/dev-test-challenge/library/Zend/Controller/Action/Helper/ViewRenderer.php(960): Zend_Controller_Action_Helper_ViewRenderer->render()
#9 /var/www/html/dev-test-challenge/library/Zend/Controller/Action/HelperBroker.php(277): Zend_Controller_Action_Helper_ViewRenderer->postDispatch()
#10 /var/www/html/dev-test-challenge/library/Zend/Controller/Action.php(527): Zend_Controller_Action_HelperBroker->notifyPostDispatch()
#11 /var/www/html/dev-test-challenge/library/Zend/Controller/Dispatcher/Standard.php(308): Zend_Controller_Action->dispatch('indexAction')
#12 /var/www/html/dev-test-challenge/library/Zend/Controller/Front.php(954): Zend_Controller_Dispatcher_Standard->dispatch(Object(Zend_Controller_Request_Http), Object(Zend_Controller_Response_Http))
#13 /var/www/html/dev-test-challenge/library/Zend/Application/Bootstrap/Bootstrap.php(97): Zend_Controller_Front->dispatch()
#14 /var/www/html/dev-test-challenge/init.php(34): Zend_Application_Bootstrap_Bootstrap->run()
#15 /var/www/html/dev-test-challenge/public/index.php(3): Application::run()
#16 {main}
2017-08-12T03:44:44+07:00 CRIT (2): array (
  'controller' => 'interface',
  'action' => 'index',
  'module' => 'default',
)
